\BOOKMARK [1][-]{toc.1}{\376\377\000C\000O\000N\000T\000E\000N\000T\000S}{}% 1
\BOOKMARK [1][-]{section*.2}{\376\377\000A\000B\000S\000T\000R\000A\000C\000T}{}% 2
\BOOKMARK [1][-]{section*.3}{\376\377\000R\000\311\000S\000U\000M\000\311}{}% 3
\BOOKMARK [1][-]{section.1}{\376\377\000I\000n\000t\000r\000o\000d\000u\000c\000t\000i\000o\000n}{}% 4
\BOOKMARK [1][-]{section.2}{\376\377\000M\000e\000t\000h\000o\000d\000s}{}% 5
\BOOKMARK [2][-]{subsubsection.2.0.1}{\376\377\000S\000u\000r\000v\000e\000y\000\040\000s\000a\000m\000p\000l\000e\000\040\000c\000o\000l\000l\000e\000c\000t\000i\000o\000n}{section.2}% 6
\BOOKMARK [3][-]{subsubsection.2.0.2}{\376\377\000P\000i\000l\000o\000t\000\040\000s\000t\000u\000d\000y\000\040\000s\000a\000m\000p\000l\000e\000\040\000C\000o\000l\000l\000e\000c\000t\000i\000o\000n}{subsubsection.2.0.1}% 7
\BOOKMARK [3][-]{subsubsection.2.0.3}{\376\377\000S\000a\000m\000p\000l\000i\000n\000g\000\040\000o\000n\000\040\000s\000h\000o\000r\000e}{subsubsection.2.0.1}% 8
\BOOKMARK [3][-]{subsubsection.2.0.4}{\376\377\000H\000e\000a\000d\000\040\000m\000e\000a\000s\000u\000r\000e\000m\000e\000n\000t\000s}{subsubsection.2.0.1}% 9
\BOOKMARK [2][-]{subsection.2.1}{\376\377\000G\000e\000n\000e\000t\000i\000c\000\040\000t\000e\000s\000t\000\040\000d\000e\000v\000e\000l\000o\000p\000m\000e\000n\000t}{section.2}% 10
\BOOKMARK [2][-]{subsection.2.2}{\376\377\000P\000i\000l\000o\000t\000\040\000s\000t\000u\000d\000y}{section.2}% 11
\BOOKMARK [1][-]{section.3}{\376\377\000D\000i\000s\000c\000u\000s\000s\000i\000o\000n}{}% 12
\BOOKMARK [1][-]{section.4}{\376\377\000R\000e\000s\000u\000l\000t\000s}{}% 13
\BOOKMARK [1][-]{section.5}{\376\377\000S\000a\000m\000p\000l\000e\000\040\000c\000o\000l\000l\000e\000c\000t\000i\000o\000n}{}% 14
\BOOKMARK [1][-]{section.6}{\376\377\000P\000i\000l\000o\000t\000\040\000C\000o\000l\000l\000e\000c\000t\000i\000o\000n\000\040\000o\000f\000\040\000S\000a\000b\000l\000e\000f\000i\000s\000h\000\040\000H\000e\000a\000d\000s\000\040\000a\000s\000\040\000a\000\040\000B\000i\000o\000l\000o\000g\000i\000c\000a\000l\000\040\000S\000a\000m\000p\000l\000e}{}% 15
\BOOKMARK [1][-]{section.7}{\376\377\000R\000e\000p\000e\000a\000t\000a\000b\000i\000l\000i\000t\000y\000\040\000o\000f\000\040\000m\000e\000a\000s\000u\000r\000e\000m\000e\000n\000t\000s\000\040\000b\000e\000t\000w\000e\000e\000n\000\040\000t\000e\000c\000h\000n\000i\000c\000i\000a\000n\000s}{}% 16
\BOOKMARK [1][-]{section.8}{\376\377\000T\000a\000b\000l\000e\000s}{}% 17
\BOOKMARK [1][-]{section.9}{\376\377\000F\000i\000g\000u\000r\000e\000s}{}% 18
\BOOKMARK [1][-]{section.10}{\376\377\000D\000i\000s\000c\000u\000s\000s\000i\000o\000n}{}% 19
\BOOKMARK [1][-]{section.11}{\376\377\000A\000c\000k\000n\000o\000w\000l\000e\000d\000g\000m\000e\000n\000t\000s}{}% 20
\BOOKMARK [1][-]{section*.16}{\376\377\000A\000p\000p\000e\000n\000d\000i\000c\000e\000s}{}% 21
\BOOKMARK [1][-]{appendix.1.A}{\376\377\000I\000M\000A\000G\000E\000S\000\040\000O\000F\000\040\000T\000H\000E\000\040\000S\000I\000X\000\040\000C\000R\000A\000N\000I\000A\000L\000\040\000D\000I\000M\000E\000N\000S\000I\000O\000N\000\040\000M\000E\000A\000S\000U\000R\000E\000M\000E\000N\000T\000S\000.}{}% 22
\BOOKMARK [1][-]{appendix.1.B}{\376\377\000S\000E\000X\000\040\000D\000E\000T\000E\000R\000M\000I\000N\000A\000T\000I\000O\000N\000\040\000B\000Y\000\040\000O\000P\000E\000R\000C\000U\000L\000U\000M\000\040\000M\000A\000R\000K\000I\000N\000G}{}% 23
