This is pdfTeX, Version 3.141592653-2.6-1.40.23 (TeX Live 2021/W32TeX) (preloaded format=pdflatex 2021.11.9)  23 NOV 2021 10:48
entering extended mode
 restricted \write18 enabled.
 %&-line parsing enabled.
**techreport.tex
(./techreport.tex
LaTeX2e <2021-06-01> patch level 1
L3 programming layer <2021-10-18> (c:/Users/lackol/AppData/Roaming/TinyTeX/texm
f-dist/tex/latex/base/article.cls
Document Class: article 2021/02/12 v1.4n Standard LaTeX document class
(c:/Users/lackol/AppData/Roaming/TinyTeX/texmf-dist/tex/latex/base/size12.clo
File: size12.clo 2021/02/12 v1.4n Standard LaTeX file (size option)
)
\c@part=\count182
\c@section=\count183
\c@subsection=\count184
\c@subsubsection=\count185
\c@paragraph=\count186
\c@subparagraph=\count187
\c@figure=\count188
\c@table=\count189
\abovecaptionskip=\skip47
\belowcaptionskip=\skip48
\bibindent=\dimen138
)
(c:/Users/lackol/AppData/Roaming/TinyTeX/texmf-dist/tex/latex/graphics/graphicx
.sty
Package: graphicx 2020/12/05 v1.2c Enhanced LaTeX Graphics (DPC,SPQR)

(c:/Users/lackol/AppData/Roaming/TinyTeX/texmf-dist/tex/latex/graphics/keyval.s
ty
Package: keyval 2014/10/28 v1.15 key=value parser (DPC)
\KV@toks@=\toks16
)
(c:/Users/lackol/AppData/Roaming/TinyTeX/texmf-dist/tex/latex/graphics/graphics
.sty
Package: graphics 2021/03/04 v1.4d Standard LaTeX Graphics (DPC,SPQR)

(c:/Users/lackol/AppData/Roaming/TinyTeX/texmf-dist/tex/latex/graphics/trig.sty
Package: trig 2016/01/03 v1.10 sin cos tan (DPC)
)
(c:/Users/lackol/AppData/Roaming/TinyTeX/texmf-dist/tex/latex/graphics-cfg/grap
hics.cfg
File: graphics.cfg 2016/06/04 v1.11 sample graphics configuration
)
Package graphics Info: Driver file: pdftex.def on input line 107.

(c:/Users/lackol/AppData/Roaming/TinyTeX/texmf-dist/tex/latex/graphics-def/pdft
ex.def
File: pdftex.def 2020/10/05 v1.2a Graphics/color driver for pdftex
))
\Gin@req@height=\dimen139
\Gin@req@width=\dimen140
)
(c:/Users/lackol/AppData/Roaming/TinyTeX/texmf-dist/tex/latex/graphics/color.st
y
Package: color 2020/02/24 v1.2b Standard LaTeX Color (DPC)

(c:/Users/lackol/AppData/Roaming/TinyTeX/texmf-dist/tex/latex/graphics-cfg/colo
r.cfg
File: color.cfg 2016/01/02 v1.6 sample color configuration
)
Package color Info: Driver file: pdftex.def on input line 149.
)
(c:/Users/lackol/AppData/Roaming/TinyTeX/texmf-dist/tex/latex/framed/framed.sty
Package: framed 2011/10/22 v 0.96: framed or shaded text with page breaks
\OuterFrameSep=\skip49
\fb@frw=\dimen141
\fb@frh=\dimen142
\FrameRule=\dimen143
\FrameSep=\dimen144
) (c:/Users/lackol/AppData/Roaming/TinyTeX/texmf-dist/tex/latex/base/alltt.sty
Package: alltt 2021/01/29 v2.0g defines alltt environment
) (./csas-style/tech-report.sty
(c:/Users/lackol/AppData/Roaming/TinyTeX/texmf-dist/tex/latex/fancyhdr/fancyhdr
.sty
Package: fancyhdr 2021/01/28 v4.0.1 Extensive control of page headers and foote
rs
\f@nch@headwidth=\skip50
\f@nch@O@elh=\skip51
\f@nch@O@erh=\skip52
\f@nch@O@olh=\skip53
\f@nch@O@orh=\skip54
\f@nch@O@elf=\skip55
\f@nch@O@erf=\skip56
\f@nch@O@olf=\skip57
\f@nch@O@orf=\skip58
)
(c:/Users/lackol/AppData/Roaming/TinyTeX/texmf-dist/tex/latex/booktabs/booktabs
.sty
Package: booktabs 2020/01/12 v1.61803398 Publication quality tables
\heavyrulewidth=\dimen145
\lightrulewidth=\dimen146
\cmidrulewidth=\dimen147
\belowrulesep=\dimen148
\belowbottomsep=\dimen149
\aboverulesep=\dimen150
\abovetopsep=\dimen151
\cmidrulesep=\dimen152
\cmidrulekern=\dimen153
\defaultaddspace=\dimen154
\@cmidla=\count190
\@cmidlb=\count191
\@aboverulesep=\dimen155
\@belowrulesep=\dimen156
\@thisruleclass=\count192
\@lastruleclass=\count193
\@thisrulewidth=\dimen157
)
(c:/Users/lackol/AppData/Roaming/TinyTeX/texmf-dist/tex/latex/base/textcomp.sty
Package: textcomp 2020/02/02 v2.0n Standard LaTeX package
) (c:/Users/lackol/AppData/Roaming/TinyTeX/texmf-dist/tex/latex/was/gensymb.sty
Package: gensymb 2003/07/02 v1.0 (WaS)
)
(c:/Users/lackol/AppData/Roaming/TinyTeX/texmf-dist/tex/latex/lineno/lineno.sty
Package: lineno 2005/11/02 line numbers on paragraphs v4.41
\linenopenalty=\count194
\output=\toks17
\linenoprevgraf=\count195
\linenumbersep=\dimen158
\linenumberwidth=\dimen159
\c@linenumber=\count196
\c@pagewiselinenumber=\count197
\c@LN@truepage=\count198
\c@internallinenumber=\count199
\c@internallinenumbers=\count266
\quotelinenumbersep=\dimen160
\bframerule=\dimen161
\bframesep=\dimen162
\bframebox=\box50
LaTeX Info: Redefining \\ on input line 3056.
)
(c:/Users/lackol/AppData/Roaming/TinyTeX/texmf-dist/tex/latex/tools/longtable.s
ty
Package: longtable 2021-05-07 v4.16 Multi-page Table package (DPC)
\LTleft=\skip59
\LTright=\skip60
\LTpre=\skip61
\LTpost=\skip62
\LTchunksize=\count267
\LTcapwidth=\dimen163
\LT@head=\box51
\LT@firsthead=\box52
\LT@foot=\box53
\LT@lastfoot=\box54
\LT@gbox=\box55
\LT@cols=\count268
\LT@rows=\count269
\c@LT@tables=\count270
\c@LT@chunks=\count271
\LT@p@ftn=\toks18
)
(c:/Users/lackol/AppData/Roaming/TinyTeX/texmf-dist/tex/latex/amsmath/amsmath.s
ty
Package: amsmath 2021/04/20 v2.17j AMS math features
\@mathmargin=\skip63
For additional information on amsmath, use the `?' option.

(c:/Users/lackol/AppData/Roaming/TinyTeX/texmf-dist/tex/latex/amsmath/amstext.s
ty
Package: amstext 2000/06/29 v2.01 AMS text

(c:/Users/lackol/AppData/Roaming/TinyTeX/texmf-dist/tex/latex/amsmath/amsgen.st
y
File: amsgen.sty 1999/11/30 v2.0 generic functions
\@emptytoks=\toks19
\ex@=\dimen164
))
(c:/Users/lackol/AppData/Roaming/TinyTeX/texmf-dist/tex/latex/amsmath/amsbsy.st
y
Package: amsbsy 1999/11/29 v1.2d Bold Symbols
\pmbraise@=\dimen165
)
(c:/Users/lackol/AppData/Roaming/TinyTeX/texmf-dist/tex/latex/amsmath/amsopn.st
y
Package: amsopn 2016/03/08 v2.02 operator names
)
\inf@bad=\count272
LaTeX Info: Redefining \frac on input line 234.
\uproot@=\count273
\leftroot@=\count274
LaTeX Info: Redefining \overline on input line 399.
\classnum@=\count275
\DOTSCASE@=\count276
LaTeX Info: Redefining \ldots on input line 496.
LaTeX Info: Redefining \dots on input line 499.
LaTeX Info: Redefining \cdots on input line 620.
\Mathstrutbox@=\box56
\strutbox@=\box57
\big@size=\dimen166
LaTeX Font Info:    Redeclaring font encoding OML on input line 743.
LaTeX Font Info:    Redeclaring font encoding OMS on input line 744.
\macc@depth=\count277
\c@MaxMatrixCols=\count278
\dotsspace@=\muskip16
\c@parentequation=\count279
\dspbrk@lvl=\count280
\tag@help=\toks20
\row@=\count281
\column@=\count282
\maxfields@=\count283
\andhelp@=\toks21
\eqnshift@=\dimen167
\alignsep@=\dimen168
\tagshift@=\dimen169
\tagwidth@=\dimen170
\totwidth@=\dimen171
\lineht@=\dimen172
\@envbody=\toks22
\multlinegap=\skip64
\multlinetaggap=\skip65
\mathdisplay@stack=\toks23
LaTeX Info: Redefining \[ on input line 2923.
LaTeX Info: Redefining \] on input line 2924.
)
(c:/Users/lackol/AppData/Roaming/TinyTeX/texmf-dist/tex/latex/microtype/microty
pe.sty
Package: microtype 2021/10/31 v3.0 Micro-typographical refinements (RS)

(c:/Users/lackol/AppData/Roaming/TinyTeX/texmf-dist/tex/latex/etoolbox/etoolbox
.sty
Package: etoolbox 2020/10/05 v2.5k e-TeX tools for LaTeX (JAW)
\etb@tempcnta=\count284
)
\MT@toks=\toks24
\MT@count=\count285
\MT@tempbox=\box58
\MT@leftmarginkern=\dimen173
\MT@rightmarginkern=\dimen174
LaTeX Info: Redefining \textls on input line 1114.
\MT@outer@kern=\dimen175
LaTeX Info: Redefining \textmicrotypecontext on input line 1700.
\MT@listname@count=\count286

(c:/Users/lackol/AppData/Roaming/TinyTeX/texmf-dist/tex/latex/microtype/microty
pe-pdftex.def
File: microtype-pdftex.def 2021/10/31 v3.0 Definitions specific to pdftex (RS)
LaTeX Info: Redefining \lsstyle on input line 915.
LaTeX Info: Redefining \lslig on input line 915.
\MT@outer@space=\skip66
)
Package microtype Info: Loading configuration file microtype.cfg.

(c:/Users/lackol/AppData/Roaming/TinyTeX/texmf-dist/tex/latex/microtype/microty
pe.cfg
File: microtype.cfg 2021/10/31 v3.0 microtype main configuration file (RS)
)) (c:/Users/lackol/AppData/Roaming/TinyTeX/texmf-dist/tex/latex/url/url.sty
\Urlmuskip=\muskip17
Package: url 2013/09/16  ver 3.4  Verb mode for urls, etc.
)
(c:/Users/lackol/AppData/Roaming/TinyTeX/texmf-dist/tex/latex/setspace/setspace
.sty
Package: setspace 2011/12/19 v6.7a set line spacing
)
(c:/Users/lackol/AppData/Roaming/TinyTeX/texmf-dist/tex/latex/lastpage/lastpage
.sty
Package: lastpage 2021/09/03 v1.2n Refers to last page's name (HMM; JPG)
)
(c:/Users/lackol/AppData/Roaming/TinyTeX/texmf-dist/tex/latex/tocbibind/tocbibi
nd.sty
Package: tocbibind 2010/10/13 v1.5k extra ToC listings
Package tocbibind Info: The document has section divisions on input line 50.

Package tocbibind Note: Using section or other style headings.

)
(c:/Users/lackol/AppData/Roaming/TinyTeX/texmf-dist/tex/latex/hanging/hanging.s
ty
Package: hanging 2009/09/02 v1.2b hanging paragraphs and punctuation
\h@ngcommawd=\skip67
\h@ngfstopwd=\skip68
\h@ngquotewd=\skip69
\h@ngdquotewd=\skip70
\h@ngquerywd=\skip71
\h@ngexclwd=\skip72
\h@ngcolonwd=\skip73
\h@ngscolonwd=\skip74
)
(c:/Users/lackol/AppData/Roaming/TinyTeX/texmf-dist/tex/latex/placeins/placeins
.sty
Package: placeins 2005/04/18  v 2.2
) (c:/Users/lackol/AppData/Roaming/TinyTeX/texmf-dist/tex/latex/base/flafter.st
y
Package: flafter 2018/11/28 v1.4d Standard LaTeX floats after reference (FMi)
Applying: [2015/01/01] float order in 2-column on input line 49.
Already applied: [0000/00/00] float order in 2-column on input line 151.
)
(c:/Users/lackol/AppData/Roaming/TinyTeX/texmf-dist/tex/latex/sectsty/sectsty.s
ty
Package: sectsty 2002/02/25 v2.0.2 Commands to change all sectional heading sty
les

LaTeX Warning: Command \underbar  has changed.
               Check if current package is valid.


LaTeX Warning: Command \underline  has changed.
               Check if current package is valid.

)
(c:/Users/lackol/AppData/Roaming/TinyTeX/texmf-dist/tex/generic/babel/babel.sty
Package: babel 2021/11/08 3.66 The Babel package
\babel@savecnt=\count287
\U@D=\dimen176
\l@unhyphenated=\language4

(c:/Users/lackol/AppData/Roaming/TinyTeX/texmf-dist/tex/generic/babel/txtbabel.
def)
\bbl@readstream=\read2
\bbl@dirlevel=\count288

(c:/Users/lackol/AppData/Roaming/TinyTeX/texmf-dist/tex/generic/babel-english/e
nglish.ldf
Language: english 2017/06/06 v3.3r English support from the babel system
Package babel Info: Hyphen rules for 'british' set to \l@english
(babel)             (\language0). Reported on input line 82.
Package babel Info: Hyphen rules for 'UKenglish' set to \l@english
(babel)             (\language0). Reported on input line 83.
Package babel Info: Hyphen rules for 'canadian' set to \l@english
(babel)             (\language0). Reported on input line 102.
Package babel Info: Hyphen rules for 'australian' set to \l@english
(babel)             (\language0). Reported on input line 105.
Package babel Info: Hyphen rules for 'newzealand' set to \l@english
(babel)             (\language0). Reported on input line 108.
))
(c:/Users/lackol/AppData/Roaming/TinyTeX/texmf-dist/tex/latex/titlecaps/titleca
ps.sty
Package: titlecaps 2015/01/30 V1.2 Routines for setting rich-text input into Ti
tling Caps

(c:/Users/lackol/AppData/Roaming/TinyTeX/texmf-dist/tex/latex/ifnextok/ifnextok
.sty
Package: ifnextok 2011/06/27 v0.3 test next token (UL)
) (c:/Users/lackol/AppData/Roaming/TinyTeX/texmf-dist/tex/latex/base/ifthen.sty
Package: ifthen 2020/11/24 v1.1c Standard LaTeX ifthen package (DPC)
)
\c@lcword@index=\count289
\c@word@count=\count290
\c@lc@words=\count291
\c@dia@count=\count292
\c@arg@@@index=\count293
)
(c:/Users/lackol/AppData/Roaming/TinyTeX/texmf-dist/tex/latex/textcase/textcase
.sty
Package: textcase 2019/09/14 v1.00 Text only upper/lower case changing (DPC)
)
(c:/Users/lackol/AppData/Roaming/TinyTeX/texmf-dist/tex/latex/caption/caption.s
ty
Package: caption 2020/10/26 v3.5g Customizing captions (AR)

(c:/Users/lackol/AppData/Roaming/TinyTeX/texmf-dist/tex/latex/caption/caption3.
sty
Package: caption3 2020/10/21 v2.2e caption3 kernel (AR)
\captionmargin=\dimen177
\captionmargin@=\dimen178
\captionwidth=\dimen179
\caption@tempdima=\dimen180
\caption@indent=\dimen181
\caption@parindent=\dimen182
\caption@hangindent=\dimen183
Package caption Info: Standard document class detected.
)
\c@caption@flags=\count294
\c@continuedfloat=\count295
Package caption Info: longtable package is loaded.

(c:/Users/lackol/AppData/Roaming/TinyTeX/texmf-dist/tex/latex/caption/ltcaption
.sty
Package: ltcaption 2020/05/30 v1.4b longtable captions (AR)
)) (c:/Users/lackol/AppData/Roaming/TinyTeX/texmf-dist/tex/latex/lm/lmodern.sty
Package: lmodern 2015/05/01 v1.6.1 Latin Modern Fonts
LaTeX Font Info:    Overwriting symbol font `operators' in version `normal'
(Font)                  OT1/cmr/m/n --> OT1/lmr/m/n on input line 22.
LaTeX Font Info:    Overwriting symbol font `letters' in version `normal'
(Font)                  OML/cmm/m/it --> OML/lmm/m/it on input line 23.
LaTeX Font Info:    Overwriting symbol font `symbols' in version `normal'
(Font)                  OMS/cmsy/m/n --> OMS/lmsy/m/n on input line 24.
LaTeX Font Info:    Overwriting symbol font `largesymbols' in version `normal'
(Font)                  OMX/cmex/m/n --> OMX/lmex/m/n on input line 25.
LaTeX Font Info:    Overwriting symbol font `operators' in version `bold'
(Font)                  OT1/cmr/bx/n --> OT1/lmr/bx/n on input line 26.
LaTeX Font Info:    Overwriting symbol font `letters' in version `bold'
(Font)                  OML/cmm/b/it --> OML/lmm/b/it on input line 27.
LaTeX Font Info:    Overwriting symbol font `symbols' in version `bold'
(Font)                  OMS/cmsy/b/n --> OMS/lmsy/b/n on input line 28.
LaTeX Font Info:    Overwriting symbol font `largesymbols' in version `bold'
(Font)                  OMX/cmex/m/n --> OMX/lmex/m/n on input line 29.
LaTeX Font Info:    Overwriting math alphabet `\mathbf' in version `normal'
(Font)                  OT1/cmr/bx/n --> OT1/lmr/bx/n on input line 31.
LaTeX Font Info:    Overwriting math alphabet `\mathsf' in version `normal'
(Font)                  OT1/cmss/m/n --> OT1/lmss/m/n on input line 32.
LaTeX Font Info:    Overwriting math alphabet `\mathit' in version `normal'
(Font)                  OT1/cmr/m/it --> OT1/lmr/m/it on input line 33.
LaTeX Font Info:    Overwriting math alphabet `\mathtt' in version `normal'
(Font)                  OT1/cmtt/m/n --> OT1/lmtt/m/n on input line 34.
LaTeX Font Info:    Overwriting math alphabet `\mathbf' in version `bold'
(Font)                  OT1/cmr/bx/n --> OT1/lmr/bx/n on input line 35.
LaTeX Font Info:    Overwriting math alphabet `\mathsf' in version `bold'
(Font)                  OT1/cmss/bx/n --> OT1/lmss/bx/n on input line 36.
LaTeX Font Info:    Overwriting math alphabet `\mathit' in version `bold'
(Font)                  OT1/cmr/bx/it --> OT1/lmr/bx/it on input line 37.
LaTeX Font Info:    Overwriting math alphabet `\mathtt' in version `bold'
(Font)                  OT1/cmtt/m/n --> OT1/lmtt/m/n on input line 38.
) (c:/Users/lackol/AppData/Roaming/TinyTeX/texmf-dist/tex/latex/tools/calc.sty
Package: calc 2017/05/25 v4.3 Infix arithmetic (KKT,FJ)
\calc@Acount=\count296
\calc@Bcount=\count297
\calc@Adimen=\dimen184
\calc@Bdimen=\dimen185
\calc@Askip=\skip75
\calc@Bskip=\skip76
LaTeX Info: Redefining \setlength on input line 80.
LaTeX Info: Redefining \addtolength on input line 81.
\calc@Ccount=\count298
\calc@Cskip=\skip77
)
(c:/Users/lackol/AppData/Roaming/TinyTeX/texmf-dist/tex/latex/natbib/natbib.sty
Package: natbib 2010/09/13 8.31b (PWD, AO)
\bibhang=\skip78
\bibsep=\skip79
LaTeX Info: Redefining \cite on input line 694.
\c@NAT@ctr=\count299
)
(c:/Users/lackol/AppData/Roaming/TinyTeX/texmf-dist/tex/latex/hyperref/hyperref
.sty
Package: hyperref 2021-06-07 v7.00m Hypertext links for LaTeX

(c:/Users/lackol/AppData/Roaming/TinyTeX/texmf-dist/tex/generic/ltxcmds/ltxcmds
.sty
Package: ltxcmds 2020-05-10 v1.25 LaTeX kernel commands for general use (HO)
)
(c:/Users/lackol/AppData/Roaming/TinyTeX/texmf-dist/tex/generic/iftex/iftex.sty
Package: iftex 2020/03/06 v1.0d TeX engine tests
)
(c:/Users/lackol/AppData/Roaming/TinyTeX/texmf-dist/tex/generic/pdftexcmds/pdft
excmds.sty
Package: pdftexcmds 2020-06-27 v0.33 Utility functions of pdfTeX for LuaTeX (HO
)

(c:/Users/lackol/AppData/Roaming/TinyTeX/texmf-dist/tex/generic/infwarerr/infwa
rerr.sty
Package: infwarerr 2019/12/03 v1.5 Providing info/warning/error messages (HO)
)
Package pdftexcmds Info: \pdf@primitive is available.
Package pdftexcmds Info: \pdf@ifprimitive is available.
Package pdftexcmds Info: \pdfdraftmode found.
)
(c:/Users/lackol/AppData/Roaming/TinyTeX/texmf-dist/tex/generic/kvsetkeys/kvset
keys.sty
Package: kvsetkeys 2019/12/15 v1.18 Key value parser (HO)
)
(c:/Users/lackol/AppData/Roaming/TinyTeX/texmf-dist/tex/generic/kvdefinekeys/kv
definekeys.sty
Package: kvdefinekeys 2019-12-19 v1.6 Define keys (HO)
)
(c:/Users/lackol/AppData/Roaming/TinyTeX/texmf-dist/tex/generic/pdfescape/pdfes
cape.sty
Package: pdfescape 2019/12/09 v1.15 Implements pdfTeX's escape features (HO)
)
(c:/Users/lackol/AppData/Roaming/TinyTeX/texmf-dist/tex/latex/hycolor/hycolor.s
ty
Package: hycolor 2020-01-27 v1.10 Color options for hyperref/bookmark (HO)
)
(c:/Users/lackol/AppData/Roaming/TinyTeX/texmf-dist/tex/latex/letltxmacro/letlt
xmacro.sty
Package: letltxmacro 2019/12/03 v1.6 Let assignment for LaTeX macros (HO)
)
(c:/Users/lackol/AppData/Roaming/TinyTeX/texmf-dist/tex/latex/auxhook/auxhook.s
ty
Package: auxhook 2019-12-17 v1.6 Hooks for auxiliary files (HO)
)
(c:/Users/lackol/AppData/Roaming/TinyTeX/texmf-dist/tex/latex/kvoptions/kvoptio
ns.sty
Package: kvoptions 2020-10-07 v3.14 Key value format for package options (HO)
)
\@linkdim=\dimen186
\Hy@linkcounter=\count300
\Hy@pagecounter=\count301

(c:/Users/lackol/AppData/Roaming/TinyTeX/texmf-dist/tex/latex/hyperref/pd1enc.d
ef
File: pd1enc.def 2021-06-07 v7.00m Hyperref: PDFDocEncoding definition (HO)
Now handling font encoding PD1 ...
... no UTF-8 mapping file for font encoding PD1
)
(c:/Users/lackol/AppData/Roaming/TinyTeX/texmf-dist/tex/latex/hyperref/hyperref
-langpatches.def
File: hyperref-langpatches.def 2021-06-07 v7.00m Hyperref: patches for babel la
nguages
)
(c:/Users/lackol/AppData/Roaming/TinyTeX/texmf-dist/tex/generic/intcalc/intcalc
.sty
Package: intcalc 2019/12/15 v1.3 Expandable calculations with integers (HO)
)
(c:/Users/lackol/AppData/Roaming/TinyTeX/texmf-dist/tex/generic/etexcmds/etexcm
ds.sty
Package: etexcmds 2019/12/15 v1.7 Avoid name clashes with e-TeX commands (HO)
)
\Hy@SavedSpaceFactor=\count302

(c:/Users/lackol/AppData/Roaming/TinyTeX/texmf-dist/tex/latex/hyperref/puenc.de
f
File: puenc.def 2021-06-07 v7.00m Hyperref: PDF Unicode definition (HO)
Now handling font encoding PU ...
... no UTF-8 mapping file for font encoding PU
)
Package hyperref Info: Hyper figures OFF on input line 4192.
Package hyperref Info: Link nesting OFF on input line 4197.
Package hyperref Info: Hyper index ON on input line 4200.
Package hyperref Info: Plain pages OFF on input line 4207.
Package hyperref Info: Backreferencing OFF on input line 4212.
Package hyperref Info: Implicit mode ON; LaTeX internals redefined.
Package hyperref Info: Bookmarks ON on input line 4445.
\c@Hy@tempcnt=\count303
LaTeX Info: Redefining \url on input line 4804.
\XeTeXLinkMargin=\dimen187

(c:/Users/lackol/AppData/Roaming/TinyTeX/texmf-dist/tex/generic/bitset/bitset.s
ty
Package: bitset 2019/12/09 v1.3 Handle bit-vector datatype (HO)

(c:/Users/lackol/AppData/Roaming/TinyTeX/texmf-dist/tex/generic/bigintcalc/bigi
ntcalc.sty
Package: bigintcalc 2019/12/15 v1.5 Expandable calculations on big integers (HO
)
))
\Fld@menulength=\count304
\Field@Width=\dimen188
\Fld@charsize=\dimen189
Package hyperref Info: Hyper figures OFF on input line 6076.
Package hyperref Info: Link nesting OFF on input line 6081.
Package hyperref Info: Hyper index ON on input line 6084.
Package hyperref Info: backreferencing OFF on input line 6091.
Package hyperref Info: Link coloring OFF on input line 6096.
Package hyperref Info: Link coloring with OCG OFF on input line 6101.
Package hyperref Info: PDF/A mode OFF on input line 6106.
LaTeX Info: Redefining \ref on input line 6146.
LaTeX Info: Redefining \pageref on input line 6150.

(c:/Users/lackol/AppData/Roaming/TinyTeX/texmf-dist/tex/latex/base/atbegshi-ltx
.sty
Package: atbegshi-ltx 2021/01/10 v1.0c Emulation of the original atbegshi
package with kernel methods
)
\Hy@abspage=\count305
\c@Item=\count306
\c@Hfootnote=\count307
)
Package hyperref Info: Driver (autodetected): hpdftex.

(c:/Users/lackol/AppData/Roaming/TinyTeX/texmf-dist/tex/latex/hyperref/hpdftex.
def
File: hpdftex.def 2021-06-07 v7.00m Hyperref driver for pdfTeX

(c:/Users/lackol/AppData/Roaming/TinyTeX/texmf-dist/tex/latex/base/atveryend-lt
x.sty
Package: atveryend-ltx 2020/08/19 v1.0a Emulation of the original atvery packag
e
with kernel methods
)
\Fld@listcount=\count308
\c@bookmark@seq@number=\count309

(c:/Users/lackol/AppData/Roaming/TinyTeX/texmf-dist/tex/latex/rerunfilecheck/re
runfilecheck.sty
Package: rerunfilecheck 2019/12/05 v1.9 Rerun checks for auxiliary files (HO)

(c:/Users/lackol/AppData/Roaming/TinyTeX/texmf-dist/tex/generic/uniquecounter/u
niquecounter.sty
Package: uniquecounter 2019/12/15 v1.4 Provide unlimited unique counter (HO)
)
Package uniquecounter Info: New unique counter `rerunfilecheck' on input line 2
86.
)
\Hy@SectionHShift=\skip80
)
(c:/Users/lackol/AppData/Roaming/TinyTeX/texmf-dist/tex/latex/pdfpages/pdfpages
.sty
Package: pdfpages 2021/03/06 v0.5t Insert pages of external PDF documents (AM)

(c:/Users/lackol/AppData/Roaming/TinyTeX/texmf-dist/tex/latex/eso-pic/eso-pic.s
ty
Package: eso-pic 2020/10/14 v3.0a eso-pic (RN)
\ESO@tempdima=\dimen190
\ESO@tempdimb=\dimen191
)
\AM@pagewidth=\dimen192
\AM@pageheight=\dimen193
\AM@fboxrule=\dimen194

(c:/Users/lackol/AppData/Roaming/TinyTeX/texmf-dist/tex/latex/pdfpages/pppdftex
.def
File: pppdftex.def 2021/03/06 v0.5t Pdfpages driver for pdfTeX (AM)
)
\pdfpages@includegraphics@status=\count310
\AM@pagebox=\box59
\AM@global@opts=\toks25
\AM@pagecnt=\count311
\AM@toc@title=\toks26
\c@AM@survey=\count312
\AM@templatesizebox=\box60
) (c:/Users/lackol/AppData/Roaming/TinyTeX/texmf-dist/tex/latex/base/fontenc.st
y
Package: fontenc 2021/04/29 v2.0v Standard LaTeX package
LaTeX Font Info:    Trying to load font information for T1+lmr on input line 11
2.
(c:/Users/lackol/AppData/Roaming/TinyTeX/texmf-dist/tex/latex/lm/t1lmr.fd
File: t1lmr.fd 2015/05/01 v1.6.1 Font defs for Latin Modern
)) (c:/Users/lackol/AppData/Roaming/TinyTeX/texmf-dist/tex/latex/doi/doi.sty
Package: doi 2018/09/09 handle doi numbers
)
(c:/Users/lackol/AppData/Roaming/TinyTeX/texmf-dist/tex/latex/appendix/appendix
.sty
Package: appendix 2020/02/08 v1.2c extra appendix facilities
\c@@pps=\count313
\c@@ppsavesec=\count314
\c@@ppsaveapp=\count315
)
(c:/Users/lackol/AppData/Roaming/TinyTeX/texmf-dist/tex/latex/caption/subcaptio
n.sty
Package: subcaption 2020/10/07 v1.3j Sub-captions (AR)
\c@subfigure=\count316
\c@subtable=\count317
)
(c:/Users/lackol/AppData/Roaming/TinyTeX/texmf-dist/tex/latex/pdfcomment/pdfcom
ment.sty
Package: pdfcomment 2018/11/01 pdfcomment.sty v2.4a - Josef Kleber (C) 2008-201
2, 2015-2016, 2018

(c:/Users/lackol/AppData/Roaming/TinyTeX/texmf-dist/tex/latex/xkeyval/xkeyval.s
ty
Package: xkeyval 2020/11/20 v2.8 package option processing (HA)

(c:/Users/lackol/AppData/Roaming/TinyTeX/texmf-dist/tex/generic/xkeyval/xkeyval
.tex
(c:/Users/lackol/AppData/Roaming/TinyTeX/texmf-dist/tex/generic/xkeyval/xkvutil
s.tex
\XKV@toks=\toks27
\XKV@tempa@toks=\toks28
)
\XKV@depth=\count318
File: xkeyval.tex 2014/12/03 v2.7a key=value parser (HA)
))
\c@pc@count@i=\count319
\c@pc@count@ii=\count320
\c@pc@count@iii=\count321
\c@pc@count@iv=\count322
\pc@mathannot@box=\box61
\pc@nullbox=\box62
\pc@dima=\skip81
\pc@dimb=\skip82
\pc@Sposx=\skip83
\pc@Sposy=\skip84
\pc@Eposx=\skip85
\pc@Eposy=\skip86
\pc@column=\skip87
\pc@box@width=\skip88
\pc@box@height=\skip89
\pc@box@depth=\skip90

(c:/Users/lackol/AppData/Roaming/TinyTeX/texmf-dist/tex/latex/datetime2/datetim
e2.sty
Package: datetime2 2021/03/21 v1.5.7 (NLCT) date and time formats

(c:/Users/lackol/AppData/Roaming/TinyTeX/texmf-dist/tex/latex/tracklang/trackla
ng.sty
Package: tracklang 2020/06/30 v1.5 (NLCT) Track Languages

(c:/Users/lackol/AppData/Roaming/TinyTeX/texmf-dist/tex/generic/tracklang/track
lang.tex))

Package datetime2 Warning: Date-Time Language Module `english' not installed on
 input line 1913.

)
(c:/Users/lackol/AppData/Roaming/TinyTeX/texmf-dist/tex/latex/zref/zref-savepos
.sty
Package: zref-savepos 2020-07-03 v2.32 Module savepos for zref (HO)

(c:/Users/lackol/AppData/Roaming/TinyTeX/texmf-dist/tex/latex/zref/zref-base.st
y
Package: zref-base 2020-07-03 v2.32 Module base for zref (HO)
Package zref Info: New property list: main on input line 764.
Package zref Info: New property: default on input line 765.
Package zref Info: New property: page on input line 766.
)
Package zref Info: New property list: savepos on input line 80.
Package zref Info: New property: posx on input line 82.
Package zref Info: New property: posy on input line 83.
)
\c@zref@unique=\count323

(c:/Users/lackol/AppData/Roaming/TinyTeX/texmf-dist/tex/latex/refcount/refcount
.sty
Package: refcount 2019/12/15 v3.6 Data extraction from label references (HO)
)
(c:/Users/lackol/AppData/Roaming/TinyTeX/texmf-dist/tex/latex/marginnote/margin
note.sty
Package: marginnote 2018/08/09 v1.4b non floating margin notes for LaTeX
\c@mn@abspage=\count324
)
(c:/Users/lackol/AppData/Roaming/TinyTeX/texmf-dist/tex/generic/iftex/ifpdf.sty
Package: ifpdf 2019/10/25 v3.4 ifpdf legacy package. Use iftex instead.
)
(c:/Users/lackol/AppData/Roaming/TinyTeX/texmf-dist/tex/generic/iftex/ifluatex.
sty
Package: ifluatex 2019/10/25 v1.5 ifluatex legacy package. Use iftex instead.
)
(c:/Users/lackol/AppData/Roaming/TinyTeX/texmf-dist/tex/latex/soulpos/soulpos.s
ty
Package: soulpos 2021/10/15 v1.2 Fancy underlining
\ulp@subcnt=\count325
\ulp@cnt=\count326
\ulp@out=\write3
\ulp@in=\read3
\ulwidth=\dimen195
)

Package hyperref Warning: Option `pdftex' has already been used,
(hyperref)                setting the option has no effect on input line 1369.

Package zref Info: New property list: pdfcomment on input line 2735.
Package zref Info: New property: PCPDFOBJID on input line 2736.
)
(c:/Users/lackol/AppData/Roaming/TinyTeX/texmf-dist/tex/latex/chngcntr/chngcntr
.sty
Package: chngcntr 2018/04/09 v1.1a change counter resetting
Package chngcntr Info: \counterwithout already defined.
(chngcntr)             Quitting chngcntr on input line 21.
)
(c:/Users/lackol/AppData/Roaming/TinyTeX/texmf-dist/tex/latex/makecell/makecell
.sty
Package: makecell 2009/08/03 V0.1e Managing of Tab Column Heads and Cells
(c:/Users/lackol/AppData/Roaming/TinyTeX/texmf-dist/tex/latex/tools/array.sty
Package: array 2021/04/20 v2.5e Tabular extension package (FMi)
\col@sep=\dimen196
\ar@mcellbox=\box63
\extrarowheight=\dimen197
\NC@list=\toks29
\extratabsurround=\skip91
\backup@length=\skip92
\ar@cellbox=\box64
)
\rotheadsize=\dimen198
\c@nlinenum=\count327
\TeXr@lab=\toks30
)
(c:/Users/lackol/AppData/Roaming/TinyTeX/texmf-dist/tex/latex/psnfss/helvet.sty
Package: helvet 2020/03/25 PSNFSS-v9.3 (WaS) 
)
(c:/Users/lackol/AppData/Roaming/TinyTeX/texmf-dist/tex/latex/tools/tabularx.st
y
Package: tabularx 2020/01/15 v2.11c `tabularx' package (DPC)
\TX@col@width=\dimen199
\TX@old@table=\dimen256
\TX@old@col=\dimen257
\TX@target=\dimen258
\TX@delta=\dimen259
\TX@cols=\count328
\TX@ftn=\toks31
)
(c:/Users/lackol/AppData/Roaming/TinyTeX/texmf-dist/tex/latex/graphics/lscape.s
ty
Package: lscape 2020/05/28 v3.02 Landscape Pages (DPC)
)
(c:/Users/lackol/AppData/Roaming/TinyTeX/texmf-dist/tex/latex/textpos/textpos.s
ty
Package: textpos 2020/09/26 v1.10
Package: textpos 2020/09/26 1.10, absolute positioning of text on the page
Package textpos Info: choosing support for LaTeX3 on input line 61.
\TP@textbox=\box65
\TP@holdbox=\box66
\TPHorizModule=\dimen260
\TPVertModule=\dimen261
\TP@margin=\dimen262
\TP@absmargin=\dimen263
Grid set 16 x 16 = 38.39343pt x 49.68562pt
\TPboxrulesize=\dimen264
\TP@ox=\dimen265
\TP@oy=\dimen266
\TP@tbargs=\toks32
TextBlockOrigin set to 0pt x 0pt
)
Package hyperref Info: Option `colorlinks' set `true' on input line 101.
Package hyperref Info: Option `plainpages' set `true' on input line 101.
\c@savesection=\count329
\c@apdxsection=\count330

(c:/Users/lackol/AppData/Roaming/TinyTeX/texmf-dist/tex/latex/ragged2e/ragged2e
.sty
Package: ragged2e 2021/02/05 v3.0 ragged2e Package
\CenteringLeftskip=\skip93
\RaggedLeftLeftskip=\skip94
\RaggedRightLeftskip=\skip95
\CenteringRightskip=\skip96
\RaggedLeftRightskip=\skip97
\RaggedRightRightskip=\skip98
\CenteringParfillskip=\skip99
\RaggedLeftParfillskip=\skip100
\RaggedRightParfillskip=\skip101
\JustifyingParfillskip=\skip102
\CenteringParindent=\skip103
\RaggedLeftParindent=\skip104
\RaggedRightParindent=\skip105
\JustifyingParindent=\skip106
)
(c:/Users/lackol/AppData/Roaming/TinyTeX/texmf-dist/tex/latex/geometry/geometry
.sty
Package: geometry 2020/01/02 v5.9 Page Geometry

(c:/Users/lackol/AppData/Roaming/TinyTeX/texmf-dist/tex/generic/iftex/ifvtex.st
y
Package: ifvtex 2019/10/25 v1.7 ifvtex legacy package. Use iftex instead.
)
\Gm@cnth=\count331
\Gm@cntv=\count332
\c@Gm@tempcnt=\count333
\Gm@bindingoffset=\dimen267
\Gm@wd@mp=\dimen268
\Gm@odd@mp=\dimen269
\Gm@even@mp=\dimen270
\Gm@layoutwidth=\dimen271
\Gm@layoutheight=\dimen272
\Gm@layouthoffset=\dimen273
\Gm@layoutvoffset=\dimen274
\Gm@dimlist=\toks33
))
(c:/Users/lackol/AppData/Roaming/TinyTeX/texmf-dist/tex/latex/pdflscape/pdflsca
pe.sty
Package: pdflscape 2019/12/05 v0.12 Display of landscape pages in PDF (HO)
Package pdflscape Info: Auto-detected driver: pdftex on input line 81.
)
(c:/Users/lackol/AppData/Roaming/TinyTeX/texmf-dist/tex/latex/upquote/upquote.s
ty
Package: upquote 2012/04/19 v1.3 upright-quote and grave-accent glyphs in verba
tim
)
LaTeX Font Info:    Trying to load font information for T1+phv on input line 94
.
(c:/Users/lackol/AppData/Roaming/TinyTeX/texmf-dist/tex/latex/psnfss/t1phv.fd
File: t1phv.fd 2020/03/25 scalable font definitions for T1/phv.
)
(c:/Users/lackol/AppData/Roaming/TinyTeX/texmf-dist/tex/latex/l3backend/l3backe
nd-pdftex.def
File: l3backend-pdftex.def 2021-10-18 L3 backend support: PDF output (pdfTeX)
\l__color_backend_stack_int=\count334
\l__pdf_internal_box=\box67
) (./techreport.aux)
\openout1 = `techreport.aux'.

LaTeX Font Info:    Checking defaults for OML/cmm/m/it on input line 94.
LaTeX Font Info:    ... okay on input line 94.
LaTeX Font Info:    Checking defaults for OMS/cmsy/m/n on input line 94.
LaTeX Font Info:    ... okay on input line 94.
LaTeX Font Info:    Checking defaults for OT1/cmr/m/n on input line 94.
LaTeX Font Info:    ... okay on input line 94.
LaTeX Font Info:    Checking defaults for T1/cmr/m/n on input line 94.
LaTeX Font Info:    ... okay on input line 94.
LaTeX Font Info:    Checking defaults for TS1/cmr/m/n on input line 94.
LaTeX Font Info:    ... okay on input line 94.
LaTeX Font Info:    Checking defaults for OMX/cmex/m/n on input line 94.
LaTeX Font Info:    ... okay on input line 94.
LaTeX Font Info:    Checking defaults for U/cmr/m/n on input line 94.
LaTeX Font Info:    ... okay on input line 94.
LaTeX Font Info:    Checking defaults for PD1/pdf/m/n on input line 94.
LaTeX Font Info:    ... okay on input line 94.
LaTeX Font Info:    Checking defaults for PU/pdf/m/n on input line 94.
LaTeX Font Info:    ... okay on input line 94.

(c:/Users/lackol/AppData/Roaming/TinyTeX/texmf-dist/tex/latex/epstopdf-pkg/epst
opdf-base.sty
Package: epstopdf-base 2020-01-24 v2.11 Base part for package epstopdf
Package epstopdf-base Info: Redefining graphics rule for `.eps' on input line 4
85.

(c:/Users/lackol/AppData/Roaming/TinyTeX/texmf-dist/tex/latex/latexconfig/epsto
pdf-sys.cfg
File: epstopdf-sys.cfg 2010/07/13 v1.3 Configuration of (r)epstopdf for TeX Liv
e
))
\symgns@font=\mathgroup4
LaTeX Font Info:    Overwriting symbol font `gns@font' in version `bold'
(Font)                  TS1/phv/m/n --> TS1/phv/b/n on input line 94.
Package gensymb Info: Math companion symbols declared on input line 94.
LaTeX Info: Redefining \degree on input line 94.
LaTeX Info: Redefining \celsius on input line 94.
Package gensymb Info: Using text companion symbols for \degree, \celsius and \p
erthousand on input line 94.
LaTeX Info: Redefining \ohm on input line 94.
Package gensymb Info: Using \textohm for \ohm on input line 94.
Package gensymb Info: Using \textmu for \micro on input line 94.
LaTeX Info: Redefining \microtypecontext on input line 94.
Package microtype Info: Applying patch `item' on input line 94.
Package microtype Info: Applying patch `toc' on input line 94.
Package microtype Info: Applying patch `eqnum' on input line 94.
Package microtype Info: Applying patch `footnote' on input line 94.
Package microtype Info: Generating PDF output.
Package microtype Info: Character protrusion enabled (level 2).
Package microtype Info: Using default protrusion set `alltext'.
Package microtype Info: Automatic font expansion enabled (level 2),
(microtype)             stretch: 20, shrink: 20, step: 1, non-selected.
Package microtype Info: Using default expansion set `alltext-nott'.
LaTeX Info: Redefining \showhyphens on input line 94.
Package microtype Info: No adjustment of tracking.
Package microtype Info: No adjustment of interword spacing.
Package microtype Info: No adjustment of character kerning.
Package microtype Info: Loading generic protrusion settings for font family
(microtype)             `phv' (encoding: T1).
(microtype)             For optimal results, create family-specific settings.
(microtype)             See the microtype manual for details.
Package lastpage Info: Please have a look at the pageslts package at
(lastpage)             https://www.ctan.org/pkg/pageslts
(lastpage)             ! on input line 94.
Package caption Info: Begin \AtBeginDocument code.
Package caption Info: hyperref package is loaded.
Package caption Info: End \AtBeginDocument code.
Package hyperref Info: Link coloring ON on input line 94.

(c:/Users/lackol/AppData/Roaming/TinyTeX/texmf-dist/tex/latex/hyperref/nameref.
sty
Package: nameref 2021-04-02 v2.47 Cross-referencing by name of section

(c:/Users/lackol/AppData/Roaming/TinyTeX/texmf-dist/tex/generic/gettitlestring/
gettitlestring.sty
Package: gettitlestring 2019/12/15 v1.6 Cleanup title references (HO)
)
\c@section@level=\count335
)
LaTeX Info: Redefining \ref on input line 94.
LaTeX Info: Redefining \pageref on input line 94.
LaTeX Info: Redefining \nameref on input line 94.
(./techreport.out) (./techreport.out)
\@outlinefile=\write4
\openout4 = `techreport.out'.

Package soulpos Info: Loading soulutf8 on input line 94.

(c:/Users/lackol/AppData/Roaming/TinyTeX/texmf-dist/tex/generic/soulutf8/soulut
f8.sty
Package: soulutf8 2019/12/15 v1.2 Permit use of UTF-8 characters in soul (HO)
(c:/Users/lackol/AppData/Roaming/TinyTeX/texmf-dist/tex/generic/soul/soul.sty
Package: soul 2003/11/17 v2.4 letterspacing/underlining (mf)
\SOUL@word=\toks34
\SOUL@lasttoken=\toks35
\SOUL@cmds=\toks36
\SOUL@buffer=\toks37
\SOUL@token=\toks38
\SOUL@spaceskip=\skip107
\SOUL@ttwidth=\dimen275
\SOUL@uldp=\dimen276
\SOUL@ulht=\dimen277
))
*geometry* driver: auto-detecting
*geometry* detected driver: pdftex
*geometry* verbose mode - [ preamble ] result:
* driver: pdftex
* paper: <default>
* layout: <same size as paper>
* layoutoffset:(h,v)=(0.0pt,0.0pt)
* modes: 
* h-part:(L,W,R)=(72.26999pt, 469.75502pt, 72.26999pt)
* v-part:(T,H,B)=(72.26999pt, 650.43001pt, 72.26999pt)
* \paperwidth=614.295pt
* \paperheight=794.96999pt
* \textwidth=469.75502pt
* \textheight=650.43001pt
* \oddsidemargin=0.0pt
* \evensidemargin=0.0pt
* \topmargin=-39.5pt
* \headheight=14.5pt
* \headsep=25.0pt
* \topskip=12.0pt
* \footskip=30.0pt
* \marginparwidth=44.0pt
* \marginparsep=10.0pt
* \columnsep=10.0pt
* \skip\footins=10.8pt plus 4.0pt minus 2.0pt
* \hoffset=0.0pt
* \voffset=0.0pt
* \mag=1000
* \@twocolumnfalse
* \@twosidefalse
* \@mparswitchfalse
* \@reversemarginfalse
* (1in=72.27pt=25.4mm, 1cm=28.453pt)

Package hyperref Info: Option `pageanchor' set `false' on input line 99.
LaTeX Font Info:    Font shape `T1/phv/b/it' in size <17.28> not available
(Font)              Font shape `T1/phv/b/sl' tried instead on input line 99.

(c:/Users/lackol/AppData/Roaming/TinyTeX/texmf-dist/tex/latex/microtype/mt-cmr.
cfg
File: mt-cmr.cfg 2013/05/19 v2.2 microtype config. file: Computer Modern Roman 
(RS)
) [1

\openout3 = `techreport.upa'.

{c:/Users/lackol/AppData/Roaming/TinyTeX/texmf-var/fonts/map/pdftex/updmap/pdft
ex.map}]
LaTeX Font Info:    Font shape `T1/phv/m/it' in size <10> not available
(Font)              Font shape `T1/phv/m/sl' tried instead on input line 99.
[2

]
Package hyperref Info: Option `pageanchor' set `true' on input line 99.
LaTeX Font Info:    Font shape `T1/phv/m/it' in size <10.95> not available
(Font)              Font shape `T1/phv/m/sl' tried instead on input line 99.
[1

]
LaTeX Font Info:    Trying to load font information for TS1+phv on input line 9
9.
(c:/Users/lackol/AppData/Roaming/TinyTeX/texmf-dist/tex/latex/psnfss/ts1phv.fd
File: ts1phv.fd 2020/03/25 scalable font definitions for TS1/phv.
)
Package microtype Info: Loading generic protrusion settings for font family
(microtype)             `phv' (encoding: TS1).
(microtype)             For optimal results, create family-specific settings.
(microtype)             See the microtype manual for details.
[2

] (./techreport.toc
LaTeX Font Info:    Trying to load font information for OT1+lmr on input line 6
.
(c:/Users/lackol/AppData/Roaming/TinyTeX/texmf-dist/tex/latex/lm/ot1lmr.fd
File: ot1lmr.fd 2015/05/01 v1.6.1 Font defs for Latin Modern
)
LaTeX Font Info:    Trying to load font information for OML+lmm on input line 6
.
(c:/Users/lackol/AppData/Roaming/TinyTeX/texmf-dist/tex/latex/lm/omllmm.fd
File: omllmm.fd 2015/05/01 v1.6.1 Font defs for Latin Modern
)
LaTeX Font Info:    Trying to load font information for OMS+lmsy on input line 
6.
(c:/Users/lackol/AppData/Roaming/TinyTeX/texmf-dist/tex/latex/lm/omslmsy.fd
File: omslmsy.fd 2015/05/01 v1.6.1 Font defs for Latin Modern
)
LaTeX Font Info:    Trying to load font information for OMX+lmex on input line 
6.
(c:/Users/lackol/AppData/Roaming/TinyTeX/texmf-dist/tex/latex/lm/omxlmex.fd
File: omxlmex.fd 2015/05/01 v1.6.1 Font defs for Latin Modern
)
LaTeX Font Info:    External font `lmex10' loaded for size
(Font)              <10.95> on input line 6.
LaTeX Font Info:    External font `lmex10' loaded for size
(Font)              <8> on input line 6.
LaTeX Font Info:    External font `lmex10' loaded for size
(Font)              <6> on input line 6.
[3

])
\tf@toc=\write5
\openout5 = `techreport.toc'.

[4] [5

] [6

]

Package hyperref Warning: Difference (2) between bookmark levels is greater 
(hyperref)                than one, level fixed on input line 127.

pdfTeX warning (ext4): destination with the same identifier (name{page.1}) has 
been already used, duplicate ignored
<to be read again> 
                   \relax 
l.140 
       [1

]pdfTeX warning (ext4): destination with the same identifier (name{page.2}) has
 been already used, duplicate ignored
<to be read again> 
                   \relax 
l.159 \clearpage
                 [2]pdfTeX warning (ext4): destination with the same identifier
 (name{page.3}) has been already used, duplicate ignored
<to be read again> 
                   \relax 
l.187 \clearpage
                 [3

]
Underfull \hbox (badness 10000) in paragraph at lines 197--197
[]\T1/phv/m/n/12 (+20) Table 1. |[][]De-scrip-tion of head di-men-sions mea-sur
ed and de-scrip-tion of caliper jaw
 []

LaTeX Font Info:    External font `lmex10' loaded for size
(Font)              <10> on input line 199.
LaTeX Font Info:    External font `lmex10' loaded for size
(Font)              <7> on input line 199.

Overfull \hbox (4.41722pt too wide) in paragraph at lines 199--217
[][] 
 []


Underfull \hbox (badness 10000) in paragraph at lines 225--225
[]\T1/phv/m/n/12 (+13) Table 2. |[]Sum-mary of sable-fish bi-o-log-i-cal data c
ol-lected. Tally of fork lengths (FL), round
 []


Underfull \hbox (badness 10000) in paragraph at lines 225--225
\T1/phv/m/n/12 (+20) weight (RW), up-per jaw length (UJ), eye di-am-e-ter (ED),
 in-teror-bital dis-tance (IO), snout
 []


Underfull \hbox (badness 10000) in paragraph at lines 225--225
\T1/phv/m/n/12 (+20) length (SL), post or-bital to pre-op-er-cu-lum dis-tance (
PP), post or-bital head length (PH),
 []


Overfull \hbox (1.462pt too wide) in paragraph at lines 227--236
[][] 
 []


Underfull \hbox (badness 10000) in paragraph at lines 240--240
[]\T1/phv/m/n/12 (+20) Table 3. |[]Ta-ble of sam-ple size, mean and stan-dard d
e-vi-a-tion for pre-dic-tor and re-sponse
 []


Overfull \hbox (8.52553pt too wide) in paragraph at lines 244--244
[]|\T1/phv/b/n/10 (-20) mean|  
 []


Overfull \hbox (2.83507pt too wide) in paragraph at lines 244--244
[]|\T1/phv/b/n/10 (-20) mean|  
 []


Overfull \hbox (7.44739pt too wide) in paragraph at lines 246--246
[]|\T1/phv/m/n/10 (-20) 57.95|  
 []


Overfull \hbox (7.20566pt too wide) in paragraph at lines 246--246
[]|\T1/phv/m/n/10 (-20) 573.27|  
 []


Overfull \hbox (12.89612pt too wide) in paragraph at lines 246--247
[]|\T1/phv/m/n/10 (-20) 120.44|  
 []


Overfull \hbox (1.99866pt too wide) in paragraph at lines 247--247
[]|\T1/phv/m/n/10 (-20) 25.9|  
 []


Overfull \hbox (1.75693pt too wide) in paragraph at lines 247--247
[]|\T1/phv/m/n/10 (-20) 573.3|  
 []


Overfull \hbox (7.44739pt too wide) in paragraph at lines 247--248
[]|\T1/phv/m/n/10 (-20) 120.3|  
 []


Overfull \hbox (7.44739pt too wide) in paragraph at lines 248--248
[]|\T1/phv/m/n/10 (-20) 40.37|  
 []


Overfull \hbox (7.20566pt too wide) in paragraph at lines 248--248
[]|\T1/phv/m/n/10 (-20) 573.36|  
 []


Overfull \hbox (12.89612pt too wide) in paragraph at lines 248--249
[]|\T1/phv/m/n/10 (-20) 120.43|  
 []


Overfull \hbox (7.44739pt too wide) in paragraph at lines 249--249
[]|\T1/phv/m/n/10 (-20) 44.81|  
 []


Overfull \hbox (7.20566pt too wide) in paragraph at lines 249--249
[]|\T1/phv/m/n/10 (-20) 573.27|  
 []


Overfull \hbox (12.89612pt too wide) in paragraph at lines 249--250
[]|\T1/phv/m/n/10 (-20) 120.44|  
 []


Overfull \hbox (1.99866pt too wide) in paragraph at lines 250--250
[]|\T1/phv/m/n/10 (-20) 31.5|  
 []


Overfull \hbox (7.20566pt too wide) in paragraph at lines 250--250
[]|\T1/phv/m/n/10 (-20) 571.34|  
 []


Overfull \hbox (12.89612pt too wide) in paragraph at lines 250--251
[]|\T1/phv/m/n/10 (-20) 119.54|  
 []


Overfull \hbox (7.44739pt too wide) in paragraph at lines 251--251
[]|\T1/phv/m/n/10 (-20) 60.85|  
 []


Overfull \hbox (7.20566pt too wide) in paragraph at lines 251--251
[]|\T1/phv/m/n/10 (-20) 566.46|  
 []


Overfull \hbox (7.44739pt too wide) in paragraph at lines 251--252
[]|\T1/phv/m/n/10 (-20) 134.8|  
 []


LaTeX Warning: `!h' float specifier changed to `!ht'.


Underfull \hbox (badness 10000) in paragraph at lines 260--260
[]\T1/phv/m/n/12 (+20) Table 4. |[]Ease of use and re-peata-bil-ity con-sid-er-
a-tions for each mea-sure-ment.number,
 []


Underfull \hbox (badness 10000) in paragraph at lines 260--260
\T1/phv/m/n/12 (+20) ease of use and re-peata-bil-ity five point rank-ing where
 5-Great; 4- Good; 3-Moderate;
 []


Overfull \hbox (5.26216pt too wide) in paragraph at lines 266--266
 []|\T1/phv/m/n/10 (-20) Ease
 []


Overfull \hbox (1.54701pt too wide) in paragraph at lines 266--266
 []|\T1/phv/m/n/10 (-20) Repeatable|
 []

pdfTeX warning (ext4): destination with the same identifier (name{page.4}) has 
been already used, duplicate ignored
<to be read again> 
                   \relax 
l.300 \clearpage
                 [4

]pdfTeX warning (ext4): destination with the same identifier (name{page.5}) has
 been already used, duplicate ignored
<to be read again> 
                   \relax 
l.300 \clearpage
                 [5]pdfTeX warning (ext4): destination with the same identifier
 (name{page.6}) has been already used, duplicate ignored
<to be read again> 
                   \relax 
l.300 \clearpage
                 [6]
<C:/github/sablehead/figures/Figure1.png, id=223, 770.88pt x 867.24pt>
File: C:/github/sablehead/figures/Figure1.png Graphic file (type png)
<use C:/github/sablehead/figures/Figure1.png>
Package pdftex.def Info: C:/github/sablehead/figures/Figure1.png  used on input
 line 308.
(pdftex.def)             Requested size: 433.62pt x 487.8213pt.
File: C:/github/sablehead/figures/Figure1.png Graphic file (type png)
<use C:/github/sablehead/figures/Figure1.png>
Package pdftex.def Info: C:/github/sablehead/figures/Figure1.png  used on input
 line 308.
(pdftex.def)             Requested size: 433.62pt x 487.8213pt.
File: C:/github/sablehead/figures/Figure1.png Graphic file (type png)
<use C:/github/sablehead/figures/Figure1.png>
Package pdftex.def Info: C:/github/sablehead/figures/Figure1.png  used on input
 line 308.
(pdftex.def)             Requested size: 433.62pt x 487.8213pt.
File: C:/github/sablehead/figures/Figure1.png Graphic file (type png)
<use C:/github/sablehead/figures/Figure1.png>
Package pdftex.def Info: C:/github/sablehead/figures/Figure1.png  used on input
 line 308.
(pdftex.def)             Requested size: 433.62pt x 487.8213pt.
<C:/github/sablehead/figures/figure2.png, id=225, 385.44pt x 289.08pt>
File: C:/github/sablehead/figures/figure2.png Graphic file (type png)
<use C:/github/sablehead/figures/figure2.png>
Package pdftex.def Info: C:/github/sablehead/figures/figure2.png  used on input
 line 317.
(pdftex.def)             Requested size: 401.50098pt x 291.10393pt.
File: C:/github/sablehead/figures/figure2.png Graphic file (type png)
<use C:/github/sablehead/figures/figure2.png>
Package pdftex.def Info: C:/github/sablehead/figures/figure2.png  used on input
 line 317.
(pdftex.def)             Requested size: 401.50098pt x 291.10393pt.
File: C:/github/sablehead/figures/figure2.png Graphic file (type png)
<use C:/github/sablehead/figures/figure2.png>
Package pdftex.def Info: C:/github/sablehead/figures/figure2.png  used on input
 line 317.
(pdftex.def)             Requested size: 401.50098pt x 291.10393pt.
File: C:/github/sablehead/figures/figure2.png Graphic file (type png)
<use C:/github/sablehead/figures/figure2.png>
Package pdftex.def Info: C:/github/sablehead/figures/figure2.png  used on input
 line 317.
(pdftex.def)             Requested size: 401.50098pt x 291.10393pt.
<C:/github/sablehead/figures/figure3.png, id=227, 385.44pt x 289.08pt>
File: C:/github/sablehead/figures/figure3.png Graphic file (type png)
<use C:/github/sablehead/figures/figure3.png>
Package pdftex.def Info: C:/github/sablehead/figures/figure3.png  used on input
 line 326.
(pdftex.def)             Requested size: 401.50098pt x 291.10393pt.
File: C:/github/sablehead/figures/figure3.png Graphic file (type png)
<use C:/github/sablehead/figures/figure3.png>
Package pdftex.def Info: C:/github/sablehead/figures/figure3.png  used on input
 line 326.
(pdftex.def)             Requested size: 401.50098pt x 291.10393pt.
File: C:/github/sablehead/figures/figure3.png Graphic file (type png)
<use C:/github/sablehead/figures/figure3.png>
Package pdftex.def Info: C:/github/sablehead/figures/figure3.png  used on input
 line 326.
(pdftex.def)             Requested size: 401.50098pt x 291.10393pt.
File: C:/github/sablehead/figures/figure3.png Graphic file (type png)
<use C:/github/sablehead/figures/figure3.png>
Package pdftex.def Info: C:/github/sablehead/figures/figure3.png  used on input
 line 326.
(pdftex.def)             Requested size: 401.50098pt x 291.10393pt.
<C:/github/sablehead/figures/figure4.png, id=229, 385.44pt x 289.08pt>
File: C:/github/sablehead/figures/figure4.png Graphic file (type png)
<use C:/github/sablehead/figures/figure4.png>
Package pdftex.def Info: C:/github/sablehead/figures/figure4.png  used on input
 line 335.
(pdftex.def)             Requested size: 401.50098pt x 291.10393pt.
File: C:/github/sablehead/figures/figure4.png Graphic file (type png)
<use C:/github/sablehead/figures/figure4.png>
Package pdftex.def Info: C:/github/sablehead/figures/figure4.png  used on input
 line 335.
(pdftex.def)             Requested size: 401.50098pt x 291.10393pt.
File: C:/github/sablehead/figures/figure4.png Graphic file (type png)
<use C:/github/sablehead/figures/figure4.png>
Package pdftex.def Info: C:/github/sablehead/figures/figure4.png  used on input
 line 335.
(pdftex.def)             Requested size: 401.50098pt x 291.10393pt.
File: C:/github/sablehead/figures/figure4.png Graphic file (type png)
<use C:/github/sablehead/figures/figure4.png>
Package pdftex.def Info: C:/github/sablehead/figures/figure4.png  used on input
 line 335.
(pdftex.def)             Requested size: 401.50098pt x 291.10393pt.
<C:/github/sablehead/figures/figure5.png, id=231, 385.44pt x 289.08pt>
File: C:/github/sablehead/figures/figure5.png Graphic file (type png)
<use C:/github/sablehead/figures/figure5.png>
Package pdftex.def Info: C:/github/sablehead/figures/figure5.png  used on input
 line 344.
(pdftex.def)             Requested size: 401.50098pt x 291.10393pt.
File: C:/github/sablehead/figures/figure5.png Graphic file (type png)
<use C:/github/sablehead/figures/figure5.png>
Package pdftex.def Info: C:/github/sablehead/figures/figure5.png  used on input
 line 344.
(pdftex.def)             Requested size: 401.50098pt x 291.10393pt.
File: C:/github/sablehead/figures/figure5.png Graphic file (type png)
<use C:/github/sablehead/figures/figure5.png>
Package pdftex.def Info: C:/github/sablehead/figures/figure5.png  used on input
 line 344.
(pdftex.def)             Requested size: 401.50098pt x 291.10393pt.
File: C:/github/sablehead/figures/figure5.png Graphic file (type png)
<use C:/github/sablehead/figures/figure5.png>
Package pdftex.def Info: C:/github/sablehead/figures/figure5.png  used on input
 line 344.
(pdftex.def)             Requested size: 401.50098pt x 291.10393pt.
<C:/github/sablehead/figures/figure6.png, id=233, 385.44pt x 289.08pt>
File: C:/github/sablehead/figures/figure6.png Graphic file (type png)
<use C:/github/sablehead/figures/figure6.png>
Package pdftex.def Info: C:/github/sablehead/figures/figure6.png  used on input
 line 353.
(pdftex.def)             Requested size: 401.50098pt x 291.10393pt.
File: C:/github/sablehead/figures/figure6.png Graphic file (type png)
<use C:/github/sablehead/figures/figure6.png>
Package pdftex.def Info: C:/github/sablehead/figures/figure6.png  used on input
 line 353.
(pdftex.def)             Requested size: 401.50098pt x 291.10393pt.
File: C:/github/sablehead/figures/figure6.png Graphic file (type png)
<use C:/github/sablehead/figures/figure6.png>
Package pdftex.def Info: C:/github/sablehead/figures/figure6.png  used on input
 line 353.
(pdftex.def)             Requested size: 401.50098pt x 291.10393pt.
File: C:/github/sablehead/figures/figure6.png Graphic file (type png)
<use C:/github/sablehead/figures/figure6.png>
Package pdftex.def Info: C:/github/sablehead/figures/figure6.png  used on input
 line 353.
(pdftex.def)             Requested size: 401.50098pt x 291.10393pt.
<C:/github/sablehead/figures/figure7.png, id=235, 385.44pt x 289.08pt>
File: C:/github/sablehead/figures/figure7.png Graphic file (type png)
<use C:/github/sablehead/figures/figure7.png>
Package pdftex.def Info: C:/github/sablehead/figures/figure7.png  used on input
 line 362.
(pdftex.def)             Requested size: 401.50098pt x 291.10393pt.
File: C:/github/sablehead/figures/figure7.png Graphic file (type png)
<use C:/github/sablehead/figures/figure7.png>
Package pdftex.def Info: C:/github/sablehead/figures/figure7.png  used on input
 line 362.
(pdftex.def)             Requested size: 401.50098pt x 291.10393pt.
File: C:/github/sablehead/figures/figure7.png Graphic file (type png)
<use C:/github/sablehead/figures/figure7.png>
Package pdftex.def Info: C:/github/sablehead/figures/figure7.png  used on input
 line 362.
(pdftex.def)             Requested size: 401.50098pt x 291.10393pt.
File: C:/github/sablehead/figures/figure7.png Graphic file (type png)
<use C:/github/sablehead/figures/figure7.png>
Package pdftex.def Info: C:/github/sablehead/figures/figure7.png  used on input
 line 362.
(pdftex.def)             Requested size: 401.50098pt x 291.10393pt.
[7

 <c:/github/sablehead/figures/Figure1.png>] [8 <c:/github/sablehead/figures/Fig
ure2.png (PNG copy)> <c:/github/sablehead/figures/Figure3.png (PNG copy)>] [9 <
c:/github/sablehead/figures/Figure4.png (PNG copy)> <c:/github/sablehead/figure
s/Figure5.png (PNG copy)>] [10 <c:/github/sablehead/figures/Figure6.png (PNG co
py)> <c:/github/sablehead/figures/Figure7.png (PNG copy)>] [11

]
<C:/github/sablehead/figures/AppendixA.png, id=268, 770.88pt x 867.24pt>
File: C:/github/sablehead/figures/AppendixA.png Graphic file (type png)
<use C:/github/sablehead/figures/AppendixA.png>
Package pdftex.def Info: C:/github/sablehead/figures/AppendixA.png  used on inp
ut line 391.
(pdftex.def)             Requested size: 433.62pt x 487.8213pt.
[12

 <c:/github/sablehead/figures/AppendixA.png (PNG copy)>]
<C:/github/sablehead/figures/AppendixB.png, id=273, 574.39594pt x 641.39626pt>
File: C:/github/sablehead/figures/AppendixB.png Graphic file (type png)
<use C:/github/sablehead/figures/AppendixB.png>
Package pdftex.def Info: C:/github/sablehead/figures/AppendixB.png  used on inp
ut line 399.
(pdftex.def)             Requested size: 433.62pt x 484.20717pt.
[13

 <c:/github/sablehead/figures/AppendixB.png>] 
AED: lastpage setting LastPage
[14

] (./techreport.aux)
Package rerunfilecheck Info: File `techreport.out' has not changed.
(rerunfilecheck)             Checksum: A415F54E061E5F8E93CFE76AF31DADEB;3448.
 ) 
Here is how much of TeX's memory you used:
 21293 strings out of 480519
 371900 string characters out of 5900085
 741126 words of memory out of 5000000
 38235 multiletter control sequences out of 15000+600000
 476648 words of font info for 213 fonts, out of 8000000 for 9000
 14 hyphenation exceptions out of 8191
 78i,11n,83p,1326b,508s stack positions out of 5000i,500n,10000p,200000b,80000s
{c:/Users/lackol/AppData/Roaming/TinyTeX/texmf-dist/fonts/enc/dvips/lm/lm-rm.
enc}{c:/Users/lackol/AppData/Roaming/TinyTeX/texmf-dist/fonts/enc/dvips/lm/lm-m
athsy.enc}{c:/Users/lackol/AppData/Roaming/TinyTeX/texmf-dist/fonts/enc/dvips/l
m/lm-mathit.enc}{c:/Users/lackol/AppData/Roaming/TinyTeX/texmf-dist/fonts/enc/d
vips/base/8r.enc}{c:/Users/lackol/AppData/Roaming/TinyTeX/texmf-dist/fonts/enc/
dvips/lm/lm-ec.enc}<c:/Users/lackol/AppData/Roaming/TinyTeX/texmf-dist/fonts/ty
pe1/public/lm/lmmi10.pfb><c:/Users/lackol/AppData/Roaming/TinyTeX/texmf-dist/fo
nts/type1/public/lm/lmr10.pfb><c:/Users/lackol/AppData/Roaming/TinyTeX/texmf-di
st/fonts/type1/public/lm/lmr12.pfb><c:/Users/lackol/AppData/Roaming/TinyTeX/tex
mf-dist/fonts/type1/public/lm/lmr8.pfb><c:/Users/lackol/AppData/Roaming/TinyTeX
/texmf-dist/fonts/type1/public/lm/lmsy10.pfb><c:/Users/lackol/AppData/Roaming/T
inyTeX/texmf-dist/fonts/type1/public/lm/lmsy8.pfb><c:/Users/lackol/AppData/Roam
ing/TinyTeX/texmf-dist/fonts/type1/urw/helvetic/uhvb8a.pfb><c:/Users/lackol/App
Data/Roaming/TinyTeX/texmf-dist/fonts/type1/urw/helvetic/uhvbo8a.pfb><c:/Users/
lackol/AppData/Roaming/TinyTeX/texmf-dist/fonts/type1/urw/helvetic/uhvr8a.pfb><
c:/Users/lackol/AppData/Roaming/TinyTeX/texmf-dist/fonts/type1/urw/helvetic/uhv
ro8a.pfb>
Output written on techreport.pdf (22 pages, 4290224 bytes).
PDF statistics:
 352 PDF objects out of 1000 (max. 8388607)
 294 compressed objects within 3 object streams
 74 named destinations out of 1000 (max. 500000)
 78054 words of extra memory for PDF output out of 89155 (max. 10000000)

